Arguments: 
  C:\Program Files\nodejs\node.exe C:\Users\susan\AppData\Roaming\npm\node_modules\yarn\bin\yarn.js install

PATH: 
  C:\Program Files (x86)\Common Files\Oracle\Java\javapath;C:\Program Files\Microsoft\jdk-11.0.12.7-hotspot\bin;C:\Windows\system32;C:\Windows;C:\Windows\System32\Wbem;C:\Windows\System32\WindowsPowerShell\v1.0\;C:\Windows\System32\OpenSSH\;C:\Program Files\Microsoft SQL Server\150\Tools\Binn\;C:\Program Files\Git\cmd;C:\Program Files\Microsoft SQL Server\Client SDK\ODBC\170\Tools\Binn\;C:\Program Files\dotnet\;C:\Program Files\nodejs\;C:\Program Files (x86)\Microsoft SQL Server\150\Tools\Binn\;C:\Program Files\Microsoft SQL Server\150\DTS\Binn\;C:\Program Files (x86)\Microsoft SQL Server\150\DTS\Binn\;C:\Program Files\Azure Data Studio\bin;C:\Users\susan\AppData\Local\Microsoft\WindowsApps;C:\Users\susan\AppData\Local\Programs\Microsoft VS Code\bin;C:\Users\susan\AppData\Local\GitHubDesktop\bin;C:\Users\susan\.dotnet\tools;C:\Users\susan\AppData\Roaming\npm;C:\Users\susan\AppData\Local\Android\Sdk;C:\Program Files\Java\jdk1.8.0_331;;C:\Program Files\Azure Data Studio\bin

Yarn version: 
  1.22.19

Node version: 
  16.8.0

Platform: 
  win32 x64

Trace: 
  Error: connect EHOSTUNREACH 104.16.26.35:443
      at TCPConnectWrap.afterConnect [as oncomplete] (node:net:1146:16)

npm manifest: 
  {
    "name": "paises",
    "version": "1.0.0",
    "main": "node_modules/expo/AppEntry.js",
    "scripts": {
      "start": "expo start",
      "android": "expo start --android",
      "ios": "expo start --ios",
      "web": "expo start --web"
    },
    "dependencies": {
      "expo": "~46.0.13",
      "expo-status-bar": "~1.4.0",
      "react": "18.0.0",
      "react-native": "0.69.6"
    },
    "devDependencies": {
      "@babel/core": "^7.12.9"
    },
    "private": true
  }

yarn manifest: 
  No manifest

Lockfile: 
  No lockfile
